{"contracts/lib/ECRecovery.sol":{"l":{"17":0,"18":0,"19":0,"22":0,"23":0,"27":0,"34":0,"35":0,"39":0,"40":0,"42":0},"path":"/mnt/d/wamp64/www/lucidity/lucidity-plasma-cash/contracts/lib/ECRecovery.sol","s":{"1":0,"2":0,"3":0,"4":0,"5":0,"6":0,"7":0},"b":{"1":[0,0],"2":[0,0],"3":[0,0]},"f":{"1":0},"fnMap":{"1":{"name":"recover","line":15,"loc":{"start":{"line":15,"column":2},"end":{"line":16,"column":3}}}},"statementMap":{"1":{"start":{"line":22,"column":4},"end":{"line":22,"column":618}},"2":{"start":{"line":23,"column":6},"end":{"line":23,"column":25}},"3":{"start":{"line":34,"column":4},"end":{"line":34,"column":944}},"4":{"start":{"line":35,"column":6},"end":{"line":35,"column":12}},"5":{"start":{"line":39,"column":4},"end":{"line":39,"column":1043}},"6":{"start":{"line":40,"column":6},"end":{"line":40,"column":25}},"7":{"start":{"line":42,"column":6},"end":{"line":42,"column":37}}},"branchMap":{"1":{"line":22,"type":"if","locations":[{"start":{"line":22,"column":4},"end":{"line":22,"column":4}},{"start":{"line":22,"column":4},"end":{"line":22,"column":4}}]},"2":{"line":34,"type":"if","locations":[{"start":{"line":34,"column":4},"end":{"line":34,"column":4}},{"start":{"line":34,"column":4},"end":{"line":34,"column":4}}]},"3":{"line":39,"type":"if","locations":[{"start":{"line":39,"column":4},"end":{"line":39,"column":4}},{"start":{"line":39,"column":4},"end":{"line":39,"column":4}}]}}},"contracts/lib/MerkleProof.sol":{"l":{"18":2,"19":0,"24":2,"25":2,"27":2,"28":258,"33":258,"35":258,"38":0,"40":258,"44":2},"path":"/mnt/d/wamp64/www/lucidity/lucidity-plasma-cash/contracts/lib/MerkleProof.sol","s":{"1":2,"2":0,"3":2,"4":2,"5":258,"6":258,"7":0,"8":258,"9":2},"b":{"1":[0,2],"2":[258,0]},"f":{"1":2},"fnMap":{"1":{"name":"verifyProof","line":16,"loc":{"start":{"line":16,"column":2},"end":{"line":16,"column":109}}}},"statementMap":{"1":{"start":{"line":18,"column":4},"end":{"line":18,"column":737}},"2":{"start":{"line":19,"column":6},"end":{"line":19,"column":18}},"3":{"start":{"line":25,"column":4},"end":{"line":25,"column":31}},"4":{"start":{"line":27,"column":4},"end":{"line":27,"column":931}},"5":{"start":{"line":33,"column":6},"end":{"line":33,"column":1112}},"6":{"start":{"line":35,"column":8},"end":{"line":35,"column":77}},"7":{"start":{"line":38,"column":8},"end":{"line":38,"column":77}},"8":{"start":{"line":40,"column":6},"end":{"line":40,"column":24}},"9":{"start":{"line":44,"column":4},"end":{"line":44,"column":32}}},"branchMap":{"1":{"line":18,"type":"if","locations":[{"start":{"line":18,"column":4},"end":{"line":18,"column":4}},{"start":{"line":18,"column":4},"end":{"line":18,"column":4}}]},"2":{"line":33,"type":"if","locations":[{"start":{"line":33,"column":6},"end":{"line":33,"column":6}},{"start":{"line":33,"column":6},"end":{"line":33,"column":6}}]}}},"contracts/lib/PriorityQueue.sol":{"l":{"22":7,"23":7,"30":3,"31":3,"32":3,"40":2,"41":2,"43":0,"44":0,"46":0,"56":4,"64":2,"65":2,"66":2,"67":2,"68":2,"69":2,"70":2,"78":3,"79":3,"80":3,"81":0,"82":0,"84":3,"90":2,"91":2,"92":2,"93":2,"94":0,"95":0,"96":0,"98":2},"path":"/mnt/d/wamp64/www/lucidity/lucidity-plasma-cash/contracts/lib/PriorityQueue.sol","s":{"1":7,"2":7,"3":3,"4":3,"5":2,"6":2,"7":0,"8":0,"9":0,"10":4,"11":2,"12":2,"13":2,"14":2,"15":2,"16":2,"17":3,"18":3,"19":3,"20":0,"21":0,"22":3,"23":0,"24":2,"25":2,"26":2,"27":2,"28":0,"29":0,"30":0,"31":2,"32":0},"b":{"1":[2,0],"2":[0,0],"3":[0,3],"4":[0,2]},"f":{"1":7,"2":3,"3":2,"4":4,"5":2,"6":3,"7":2},"fnMap":{"1":{"name":null,"line":19,"loc":{"start":{"line":19,"column":2},"end":{"line":21,"column":3}}},"2":{"name":"insert","line":26,"loc":{"start":{"line":26,"column":2},"end":{"line":29,"column":3}}},"3":{"name":"minChild","line":35,"loc":{"start":{"line":35,"column":2},"end":{"line":39,"column":3}}},"4":{"name":"getMin","line":51,"loc":{"start":{"line":51,"column":2},"end":{"line":55,"column":3}}},"5":{"name":"delMin","line":59,"loc":{"start":{"line":59,"column":2},"end":{"line":63,"column":3}}},"6":{"name":"percUp","line":75,"loc":{"start":{"line":75,"column":2},"end":{"line":77,"column":3}}},"7":{"name":"percDown","line":87,"loc":{"start":{"line":87,"column":2},"end":{"line":89,"column":3}}}},"statementMap":{"1":{"start":{"line":22,"column":4},"end":{"line":22,"column":17}},"2":{"start":{"line":23,"column":4},"end":{"line":23,"column":18}},"3":{"start":{"line":31,"column":4},"end":{"line":31,"column":35}},"4":{"start":{"line":32,"column":4},"end":{"line":32,"column":22}},"5":{"start":{"line":40,"column":4},"end":{"line":40,"column":667}},"6":{"start":{"line":41,"column":6},"end":{"line":41,"column":21}},"7":{"start":{"line":43,"column":6},"end":{"line":43,"column":748}},"8":{"start":{"line":44,"column":8},"end":{"line":44,"column":23}},"9":{"start":{"line":46,"column":8},"end":{"line":46,"column":30}},"10":{"start":{"line":56,"column":4},"end":{"line":56,"column":22}},"11":{"start":{"line":64,"column":4},"end":{"line":64,"column":31}},"12":{"start":{"line":65,"column":4},"end":{"line":65,"column":38}},"13":{"start":{"line":67,"column":4},"end":{"line":67,"column":35}},"14":{"start":{"line":68,"column":4},"end":{"line":68,"column":14}},"15":{"start":{"line":69,"column":4},"end":{"line":69,"column":43}},"16":{"start":{"line":70,"column":4},"end":{"line":70,"column":17}},"17":{"start":{"line":78,"column":4},"end":{"line":78,"column":16}},"18":{"start":{"line":79,"column":4},"end":{"line":79,"column":31}},"19":{"start":{"line":80,"column":4},"end":{"line":80,"column":1514}},"20":{"start":{"line":81,"column":6},"end":{"line":81,"column":37}},"21":{"start":{"line":82,"column":6},"end":{"line":82,"column":17}},"22":{"start":{"line":84,"column":4},"end":{"line":84,"column":36}},"23":{"start":{"line":84,"column":16},"end":{"line":84,"column":35}},"24":{"start":{"line":90,"column":4},"end":{"line":90,"column":16}},"25":{"start":{"line":91,"column":4},"end":{"line":91,"column":31}},"26":{"start":{"line":92,"column":4},"end":{"line":92,"column":27}},"27":{"start":{"line":93,"column":4},"end":{"line":93,"column":1793}},"28":{"start":{"line":94,"column":6},"end":{"line":94,"column":31}},"29":{"start":{"line":95,"column":6},"end":{"line":95,"column":11}},"30":{"start":{"line":96,"column":6},"end":{"line":96,"column":21}},"31":{"start":{"line":98,"column":4},"end":{"line":98,"column":36}},"32":{"start":{"line":98,"column":16},"end":{"line":98,"column":35}}},"branchMap":{"1":{"line":40,"type":"if","locations":[{"start":{"line":40,"column":4},"end":{"line":40,"column":4}},{"start":{"line":40,"column":4},"end":{"line":40,"column":4}}]},"2":{"line":43,"type":"if","locations":[{"start":{"line":43,"column":6},"end":{"line":43,"column":6}},{"start":{"line":43,"column":6},"end":{"line":43,"column":6}}]},"3":{"line":84,"type":"if","locations":[{"start":{"line":84,"column":4},"end":{"line":84,"column":4}},{"start":{"line":84,"column":4},"end":{"line":84,"column":4}}]},"4":{"line":98,"type":"if","locations":[{"start":{"line":98,"column":4},"end":{"line":98,"column":4}},{"start":{"line":98,"column":4},"end":{"line":98,"column":4}}]}}},"contracts/lib/RLP.sol":{"l":{"34":3,"35":3,"36":3,"37":3,"38":3,"39":3,"42":0,"46":0,"47":0,"48":0,"49":0,"53":7,"54":7,"63":1,"64":1,"65":0,"67":1,"68":1,"71":1,"79":0,"80":0,"81":0,"82":0,"83":0,"84":0,"85":0,"86":0,"87":0,"89":0,"96":0,"103":3,"104":0,"105":3,"106":3,"115":6,"116":0,"117":6,"118":6,"127":0,"128":0,"129":0,"130":0,"131":0,"134":0,"141":1,"142":0,"143":1,"144":1,"145":1,"148":1,"149":1,"150":1,"151":1,"152":3,"153":3,"155":1,"162":1,"163":0,"164":1,"165":1,"166":1,"173":0,"174":0,"175":0,"176":0,"177":0,"185":0,"186":0,"188":0,"189":0,"190":0,"192":0,"193":0,"201":1,"202":0,"203":1,"204":1,"205":1,"206":1,"207":1,"208":3,"209":3,"218":0,"219":0,"221":0,"222":0,"223":0,"225":0,"226":0,"227":0,"235":2,"236":0,"238":2,"239":2,"240":2,"242":2,"243":0,"244":2,"254":0,"255":0,"257":0,"258":0,"259":0,"261":0,"262":0,"263":0,"264":0,"267":0,"268":0,"269":0,"281":0,"282":0,"283":0,"284":0,"285":0,"286":0,"287":0,"288":0,"291":0,"303":0,"315":0,"327":1,"328":1,"329":1,"330":1,"331":1,"332":0,"333":1,"344":2,"345":0,"346":2,"347":2,"348":2,"351":2,"352":0,"353":2,"354":2,"355":0,"356":0,"357":0,"366":6,"367":6,"370":6,"371":0,"373":6,"375":0,"381":0,"383":0,"397":3,"398":3,"399":3,"400":3,"403":3,"404":0,"405":0,"406":0,"408":3,"409":3,"410":3,"412":0,"413":0,"416":0,"417":0,"419":3,"429":0,"456":0,"457":0,"458":0,"459":0,"463":0,"464":0,"465":0},"path":"/mnt/d/wamp64/www/lucidity/lucidity-plasma-cash/contracts/lib/RLP.sol","s":{"1":3,"2":3,"3":3,"4":3,"5":3,"6":3,"7":0,"8":0,"9":0,"10":0,"11":0,"12":7,"13":7,"14":1,"15":1,"16":0,"17":1,"18":0,"19":0,"20":0,"21":0,"22":0,"23":0,"24":0,"25":0,"26":0,"27":0,"28":0,"29":3,"30":0,"31":3,"32":6,"33":0,"34":6,"35":0,"36":0,"37":0,"38":0,"39":1,"40":0,"41":1,"42":1,"43":1,"44":1,"45":3,"46":1,"47":1,"48":0,"49":1,"50":1,"51":1,"52":0,"53":0,"54":0,"55":0,"56":0,"57":0,"58":0,"59":0,"60":0,"61":0,"62":1,"63":0,"64":1,"65":1,"66":1,"67":1,"68":3,"69":0,"70":0,"71":0,"72":0,"73":0,"74":0,"75":2,"76":0,"77":2,"78":2,"79":0,"80":0,"81":0,"82":0,"83":0,"84":0,"85":0,"86":0,"87":0,"88":0,"89":0,"90":0,"91":0,"92":0,"93":0,"94":0,"95":1,"96":1,"97":1,"98":0,"99":2,"100":0,"101":2,"102":2,"103":0,"104":2,"105":2,"106":0,"107":0,"108":0,"109":6,"110":0,"111":6,"112":6,"113":0,"114":0,"115":0,"116":3,"117":3,"118":3,"119":0,"120":0,"121":0,"122":3,"123":3,"124":3,"125":0,"126":0,"127":3,"128":0,"129":0,"130":0,"131":0},"b":{"1":[3,0],"2":[0,0],"3":[0,1],"4":[0,0],"5":[0,0],"6":[0,0],"7":[0,0],"8":[0,3],"9":[0,6],"10":[0,0],"11":[0,1],"12":[0,1],"13":[0,0],"14":[0,0],"15":[0,1],"16":[0,0],"17":[0,2],"18":[0,2],"19":[0,0],"20":[0,0],"21":[0,0],"22":[0,0],"23":[0,0],"24":[1,0],"25":[0,1],"26":[0,2],"27":[0,2],"28":[2,0],"29":[0,0],"30":[0,6],"31":[6,0],"32":[0,0],"33":[0,0],"34":[3,0],"35":[0,3],"36":[3,0],"37":[0,0]},"f":{"1":3,"2":0,"3":7,"4":1,"5":0,"6":0,"7":3,"8":6,"9":0,"10":1,"11":1,"12":0,"13":0,"14":1,"15":0,"16":2,"17":0,"18":0,"19":0,"20":0,"21":1,"22":2,"23":6,"24":3,"25":0,"26":0},"fnMap":{"1":{"name":"next","line":33,"loc":{"start":{"line":33,"column":2},"end":{"line":33,"column":84}}},"2":{"name":"next","line":45,"loc":{"start":{"line":45,"column":2},"end":{"line":45,"column":97}}},"3":{"name":"hasNext","line":52,"loc":{"start":{"line":52,"column":2},"end":{"line":52,"column":69}}},"4":{"name":"toRLPItem","line":62,"loc":{"start":{"line":62,"column":2},"end":{"line":62,"column":78}}},"5":{"name":"toRLPItem","line":78,"loc":{"start":{"line":78,"column":2},"end":{"line":78,"column":91}}},"6":{"name":"isNull","line":95,"loc":{"start":{"line":95,"column":2},"end":{"line":95,"column":71}}},"7":{"name":"isList","line":102,"loc":{"start":{"line":102,"column":2},"end":{"line":102,"column":71}}},"8":{"name":"isData","line":114,"loc":{"start":{"line":114,"column":2},"end":{"line":114,"column":71}}},"9":{"name":"isEmpty","line":126,"loc":{"start":{"line":126,"column":2},"end":{"line":126,"column":72}}},"10":{"name":"items","line":140,"loc":{"start":{"line":140,"column":2},"end":{"line":140,"column":66}}},"11":{"name":"iterator","line":161,"loc":{"start":{"line":161,"column":2},"end":{"line":161,"column":83}}},"12":{"name":"toBytes","line":172,"loc":{"start":{"line":172,"column":2},"end":{"line":172,"column":80}}},"13":{"name":"toData","line":184,"loc":{"start":{"line":184,"column":2},"end":{"line":184,"column":79}}},"14":{"name":"toList","line":200,"loc":{"start":{"line":200,"column":2},"end":{"line":200,"column":84}}},"15":{"name":"toAscii","line":217,"loc":{"start":{"line":217,"column":2},"end":{"line":217,"column":81}}},"16":{"name":"toUint","line":234,"loc":{"start":{"line":234,"column":2},"end":{"line":234,"column":72}}},"17":{"name":"toBool","line":253,"loc":{"start":{"line":253,"column":2},"end":{"line":253,"column":72}}},"18":{"name":"toByte","line":276,"loc":{"start":{"line":276,"column":2},"end":{"line":280,"column":3}}},"19":{"name":"toInt","line":298,"loc":{"start":{"line":298,"column":2},"end":{"line":302,"column":3}}},"20":{"name":"toBytes32","line":310,"loc":{"start":{"line":310,"column":2},"end":{"line":314,"column":3}}},"21":{"name":"toAddress","line":322,"loc":{"start":{"line":322,"column":2},"end":{"line":326,"column":3}}},"22":{"name":"_payloadOffset","line":339,"loc":{"start":{"line":339,"column":2},"end":{"line":343,"column":3}}},"23":{"name":"_itemLength","line":361,"loc":{"start":{"line":361,"column":2},"end":{"line":365,"column":3}}},"24":{"name":"_decode","line":392,"loc":{"start":{"line":392,"column":2},"end":{"line":396,"column":3}}},"25":{"name":"_copyToBytes","line":423,"loc":{"start":{"line":423,"column":2},"end":{"line":426,"column":3}}},"26":{"name":"_validate","line":450,"loc":{"start":{"line":450,"column":2},"end":{"line":454,"column":3}}}},"statementMap":{"1":{"start":{"line":34,"column":4},"end":{"line":34,"column":929}},"2":{"start":{"line":35,"column":6},"end":{"line":35,"column":36}},"3":{"start":{"line":36,"column":6},"end":{"line":36,"column":39}},"4":{"start":{"line":37,"column":6},"end":{"line":37,"column":33}},"5":{"start":{"line":38,"column":6},"end":{"line":38,"column":40}},"6":{"start":{"line":39,"column":6},"end":{"line":39,"column":44}},"7":{"start":{"line":42,"column":6},"end":{"line":42,"column":28}},"8":{"start":{"line":46,"column":4},"end":{"line":46,"column":23}},"9":{"start":{"line":47,"column":4},"end":{"line":47,"column":1344}},"10":{"start":{"line":48,"column":6},"end":{"line":48,"column":34}},"11":{"start":{"line":49,"column":4},"end":{"line":49,"column":10}},"12":{"start":{"line":53,"column":4},"end":{"line":53,"column":42}},"13":{"start":{"line":54,"column":4},"end":{"line":54,"column":75}},"14":{"start":{"line":63,"column":4},"end":{"line":63,"column":25}},"15":{"start":{"line":64,"column":4},"end":{"line":64,"column":1863}},"16":{"start":{"line":65,"column":6},"end":{"line":65,"column":26}},"17":{"start":{"line":71,"column":4},"end":{"line":71,"column":31}},"18":{"start":{"line":79,"column":4},"end":{"line":79,"column":40}},"19":{"start":{"line":80,"column":4},"end":{"line":80,"column":2357}},"20":{"start":{"line":81,"column":6},"end":{"line":81,"column":27}},"21":{"start":{"line":82,"column":6},"end":{"line":82,"column":2440}},"22":{"start":{"line":83,"column":8},"end":{"line":83,"column":36}},"23":{"start":{"line":84,"column":6},"end":{"line":84,"column":2517}},"24":{"start":{"line":85,"column":8},"end":{"line":85,"column":36}},"25":{"start":{"line":86,"column":6},"end":{"line":86,"column":2607}},"26":{"start":{"line":87,"column":8},"end":{"line":87,"column":36}},"27":{"start":{"line":89,"column":4},"end":{"line":89,"column":15}},"28":{"start":{"line":96,"column":4},"end":{"line":96,"column":35}},"29":{"start":{"line":103,"column":4},"end":{"line":103,"column":3107}},"30":{"start":{"line":104,"column":6},"end":{"line":104,"column":18}},"31":{"start":{"line":105,"column":4},"end":{"line":105,"column":36}},"32":{"start":{"line":115,"column":4},"end":{"line":115,"column":3470}},"33":{"start":{"line":116,"column":6},"end":{"line":116,"column":18}},"34":{"start":{"line":117,"column":4},"end":{"line":117,"column":36}},"35":{"start":{"line":127,"column":4},"end":{"line":127,"column":3844}},"36":{"start":{"line":128,"column":6},"end":{"line":128,"column":18}},"37":{"start":{"line":130,"column":4},"end":{"line":130,"column":36}},"38":{"start":{"line":134,"column":4},"end":{"line":134,"column":61}},"39":{"start":{"line":141,"column":4},"end":{"line":141,"column":4253}},"40":{"start":{"line":142,"column":6},"end":{"line":142,"column":14}},"41":{"start":{"line":144,"column":4},"end":{"line":144,"column":36}},"42":{"start":{"line":148,"column":4},"end":{"line":148,"column":43}},"43":{"start":{"line":149,"column":4},"end":{"line":149,"column":47}},"44":{"start":{"line":151,"column":4},"end":{"line":151,"column":4501}},"45":{"start":{"line":152,"column":6},"end":{"line":152,"column":28}},"46":{"start":{"line":155,"column":4},"end":{"line":155,"column":15}},"47":{"start":{"line":162,"column":4},"end":{"line":162,"column":4821}},"48":{"start":{"line":163,"column":6},"end":{"line":163,"column":32}},"49":{"start":{"line":164,"column":4},"end":{"line":164,"column":56}},"50":{"start":{"line":165,"column":4},"end":{"line":165,"column":25}},"51":{"start":{"line":166,"column":4},"end":{"line":166,"column":27}},"52":{"start":{"line":173,"column":4},"end":{"line":173,"column":33}},"53":{"start":{"line":174,"column":4},"end":{"line":174,"column":5196}},"54":{"start":{"line":175,"column":6},"end":{"line":175,"column":12}},"55":{"start":{"line":176,"column":4},"end":{"line":176,"column":23}},"56":{"start":{"line":177,"column":4},"end":{"line":177,"column":46}},"57":{"start":{"line":185,"column":4},"end":{"line":185,"column":5566}},"58":{"start":{"line":186,"column":6},"end":{"line":186,"column":30}},"59":{"start":{"line":190,"column":4},"end":{"line":190,"column":35}},"60":{"start":{"line":192,"column":4},"end":{"line":192,"column":23}},"61":{"start":{"line":193,"column":4},"end":{"line":193,"column":36}},"62":{"start":{"line":201,"column":4},"end":{"line":201,"column":6061}},"63":{"start":{"line":202,"column":6},"end":{"line":202,"column":30}},"64":{"start":{"line":203,"column":4},"end":{"line":203,"column":30}},"65":{"start":{"line":204,"column":4},"end":{"line":204,"column":33}},"66":{"start":{"line":205,"column":4},"end":{"line":205,"column":38}},"67":{"start":{"line":207,"column":4},"end":{"line":207,"column":6214}},"68":{"start":{"line":208,"column":6},"end":{"line":208,"column":25}},"69":{"start":{"line":218,"column":4},"end":{"line":218,"column":6571}},"70":{"start":{"line":219,"column":6},"end":{"line":219,"column":31}},"71":{"start":{"line":223,"column":4},"end":{"line":223,"column":35}},"72":{"start":{"line":225,"column":4},"end":{"line":225,"column":36}},"73":{"start":{"line":226,"column":4},"end":{"line":226,"column":36}},"74":{"start":{"line":227,"column":4},"end":{"line":227,"column":20}},"75":{"start":{"line":235,"column":4},"end":{"line":235,"column":7041}},"76":{"start":{"line":236,"column":6},"end":{"line":236,"column":31}},"77":{"start":{"line":240,"column":4},"end":{"line":240,"column":35}},"78":{"start":{"line":242,"column":4},"end":{"line":242,"column":7172}},"79":{"start":{"line":243,"column":6},"end":{"line":243,"column":31}},"80":{"start":{"line":254,"column":4},"end":{"line":254,"column":7546}},"81":{"start":{"line":255,"column":6},"end":{"line":255,"column":31}},"82":{"start":{"line":259,"column":4},"end":{"line":259,"column":35}},"83":{"start":{"line":261,"column":4},"end":{"line":261,"column":7677}},"84":{"start":{"line":262,"column":6},"end":{"line":262,"column":31}},"85":{"start":{"line":267,"column":4},"end":{"line":267,"column":7805}},"86":{"start":{"line":268,"column":6},"end":{"line":268,"column":31}},"87":{"start":{"line":269,"column":4},"end":{"line":269,"column":35}},"88":{"start":{"line":281,"column":4},"end":{"line":281,"column":40}},"89":{"start":{"line":284,"column":4},"end":{"line":284,"column":35}},"90":{"start":{"line":285,"column":4},"end":{"line":285,"column":8254}},"91":{"start":{"line":286,"column":6},"end":{"line":286,"column":30}},"92":{"start":{"line":291,"column":4},"end":{"line":291,"column":21}},"93":{"start":{"line":303,"column":4},"end":{"line":303,"column":28}},"94":{"start":{"line":315,"column":4},"end":{"line":315,"column":32}},"95":{"start":{"line":327,"column":4},"end":{"line":327,"column":40}},"96":{"start":{"line":330,"column":4},"end":{"line":330,"column":35}},"97":{"start":{"line":331,"column":4},"end":{"line":331,"column":9341}},"98":{"start":{"line":332,"column":6},"end":{"line":332,"column":33}},"99":{"start":{"line":344,"column":4},"end":{"line":344,"column":9566}},"100":{"start":{"line":345,"column":6},"end":{"line":345,"column":14}},"101":{"start":{"line":347,"column":4},"end":{"line":347,"column":36}},"102":{"start":{"line":351,"column":4},"end":{"line":351,"column":9724}},"103":{"start":{"line":352,"column":6},"end":{"line":352,"column":14}},"104":{"start":{"line":353,"column":4},"end":{"line":353,"column":9771}},"105":{"start":{"line":354,"column":6},"end":{"line":354,"column":14}},"106":{"start":{"line":355,"column":4},"end":{"line":355,"column":9893}},"107":{"start":{"line":356,"column":6},"end":{"line":356,"column":38}},"108":{"start":{"line":357,"column":4},"end":{"line":357,"column":36}},"109":{"start":{"line":370,"column":4},"end":{"line":370,"column":10161}},"110":{"start":{"line":371,"column":6},"end":{"line":371,"column":12}},"111":{"start":{"line":372,"column":9},"end":{"line":372,"column":10212}},"112":{"start":{"line":373,"column":6},"end":{"line":373,"column":36}},"113":{"start":{"line":374,"column":9},"end":{"line":374,"column":10286}},"114":{"start":{"line":380,"column":11},"end":{"line":380,"column":10562}},"115":{"start":{"line":381,"column":6},"end":{"line":381,"column":36}},"116":{"start":{"line":397,"column":4},"end":{"line":397,"column":40}},"117":{"start":{"line":399,"column":4},"end":{"line":399,"column":35}},"118":{"start":{"line":403,"column":4},"end":{"line":403,"column":11185}},"119":{"start":{"line":404,"column":6},"end":{"line":404,"column":19}},"120":{"start":{"line":405,"column":6},"end":{"line":405,"column":12}},"121":{"start":{"line":406,"column":6},"end":{"line":406,"column":12}},"122":{"start":{"line":408,"column":4},"end":{"line":408,"column":11275}},"123":{"start":{"line":409,"column":6},"end":{"line":409,"column":34}},"124":{"start":{"line":410,"column":6},"end":{"line":410,"column":23}},"125":{"start":{"line":416,"column":6},"end":{"line":416,"column":41}},"126":{"start":{"line":417,"column":6},"end":{"line":417,"column":30}},"127":{"start":{"line":419,"column":4},"end":{"line":419,"column":10}},"128":{"start":{"line":458,"column":4},"end":{"line":458,"column":36}},"129":{"start":{"line":463,"column":4},"end":{"line":463,"column":12692}},"130":{"start":{"line":464,"column":6},"end":{"line":464,"column":18}},"131":{"start":{"line":465,"column":4},"end":{"line":465,"column":15}}},"branchMap":{"1":{"line":34,"type":"if","locations":[{"start":{"line":34,"column":4},"end":{"line":34,"column":4}},{"start":{"line":34,"column":4},"end":{"line":34,"column":4}}]},"2":{"line":47,"type":"if","locations":[{"start":{"line":47,"column":4},"end":{"line":47,"column":4}},{"start":{"line":47,"column":4},"end":{"line":47,"column":4}}]},"3":{"line":64,"type":"if","locations":[{"start":{"line":64,"column":4},"end":{"line":64,"column":4}},{"start":{"line":64,"column":4},"end":{"line":64,"column":4}}]},"4":{"line":80,"type":"if","locations":[{"start":{"line":80,"column":4},"end":{"line":80,"column":4}},{"start":{"line":80,"column":4},"end":{"line":80,"column":4}}]},"5":{"line":82,"type":"if","locations":[{"start":{"line":82,"column":6},"end":{"line":82,"column":6}},{"start":{"line":82,"column":6},"end":{"line":82,"column":6}}]},"6":{"line":84,"type":"if","locations":[{"start":{"line":84,"column":6},"end":{"line":84,"column":6}},{"start":{"line":84,"column":6},"end":{"line":84,"column":6}}]},"7":{"line":86,"type":"if","locations":[{"start":{"line":86,"column":6},"end":{"line":86,"column":6}},{"start":{"line":86,"column":6},"end":{"line":86,"column":6}}]},"8":{"line":103,"type":"if","locations":[{"start":{"line":103,"column":4},"end":{"line":103,"column":4}},{"start":{"line":103,"column":4},"end":{"line":103,"column":4}}]},"9":{"line":115,"type":"if","locations":[{"start":{"line":115,"column":4},"end":{"line":115,"column":4}},{"start":{"line":115,"column":4},"end":{"line":115,"column":4}}]},"10":{"line":127,"type":"if","locations":[{"start":{"line":127,"column":4},"end":{"line":127,"column":4}},{"start":{"line":127,"column":4},"end":{"line":127,"column":4}}]},"11":{"line":141,"type":"if","locations":[{"start":{"line":141,"column":4},"end":{"line":141,"column":4}},{"start":{"line":141,"column":4},"end":{"line":141,"column":4}}]},"12":{"line":162,"type":"if","locations":[{"start":{"line":162,"column":4},"end":{"line":162,"column":4}},{"start":{"line":162,"column":4},"end":{"line":162,"column":4}}]},"13":{"line":174,"type":"if","locations":[{"start":{"line":174,"column":4},"end":{"line":174,"column":4}},{"start":{"line":174,"column":4},"end":{"line":174,"column":4}}]},"14":{"line":185,"type":"if","locations":[{"start":{"line":185,"column":4},"end":{"line":185,"column":4}},{"start":{"line":185,"column":4},"end":{"line":185,"column":4}}]},"15":{"line":201,"type":"if","locations":[{"start":{"line":201,"column":4},"end":{"line":201,"column":4}},{"start":{"line":201,"column":4},"end":{"line":201,"column":4}}]},"16":{"line":218,"type":"if","locations":[{"start":{"line":218,"column":4},"end":{"line":218,"column":4}},{"start":{"line":218,"column":4},"end":{"line":218,"column":4}}]},"17":{"line":235,"type":"if","locations":[{"start":{"line":235,"column":4},"end":{"line":235,"column":4}},{"start":{"line":235,"column":4},"end":{"line":235,"column":4}}]},"18":{"line":242,"type":"if","locations":[{"start":{"line":242,"column":4},"end":{"line":242,"column":4}},{"start":{"line":242,"column":4},"end":{"line":242,"column":4}}]},"19":{"line":254,"type":"if","locations":[{"start":{"line":254,"column":4},"end":{"line":254,"column":4}},{"start":{"line":254,"column":4},"end":{"line":254,"column":4}}]},"20":{"line":261,"type":"if","locations":[{"start":{"line":261,"column":4},"end":{"line":261,"column":4}},{"start":{"line":261,"column":4},"end":{"line":261,"column":4}}]},"21":{"line":267,"type":"if","locations":[{"start":{"line":267,"column":4},"end":{"line":267,"column":4}},{"start":{"line":267,"column":4},"end":{"line":267,"column":4}}]},"22":{"line":281,"type":"if","locations":[{"start":{"line":281,"column":4},"end":{"line":281,"column":4}},{"start":{"line":281,"column":4},"end":{"line":281,"column":4}}]},"23":{"line":285,"type":"if","locations":[{"start":{"line":285,"column":4},"end":{"line":285,"column":4}},{"start":{"line":285,"column":4},"end":{"line":285,"column":4}}]},"24":{"line":327,"type":"if","locations":[{"start":{"line":327,"column":4},"end":{"line":327,"column":4}},{"start":{"line":327,"column":4},"end":{"line":327,"column":4}}]},"25":{"line":331,"type":"if","locations":[{"start":{"line":331,"column":4},"end":{"line":331,"column":4}},{"start":{"line":331,"column":4},"end":{"line":331,"column":4}}]},"26":{"line":344,"type":"if","locations":[{"start":{"line":344,"column":4},"end":{"line":344,"column":4}},{"start":{"line":344,"column":4},"end":{"line":344,"column":4}}]},"27":{"line":351,"type":"if","locations":[{"start":{"line":351,"column":4},"end":{"line":351,"column":4}},{"start":{"line":351,"column":4},"end":{"line":351,"column":4}}]},"28":{"line":353,"type":"if","locations":[{"start":{"line":353,"column":4},"end":{"line":353,"column":4}},{"start":{"line":353,"column":4},"end":{"line":353,"column":4}}]},"29":{"line":355,"type":"if","locations":[{"start":{"line":355,"column":4},"end":{"line":355,"column":4}},{"start":{"line":355,"column":4},"end":{"line":355,"column":4}}]},"30":{"line":370,"type":"if","locations":[{"start":{"line":370,"column":4},"end":{"line":370,"column":4}},{"start":{"line":370,"column":4},"end":{"line":370,"column":4}}]},"31":{"line":372,"type":"if","locations":[{"start":{"line":372,"column":9},"end":{"line":372,"column":9}},{"start":{"line":372,"column":9},"end":{"line":372,"column":9}}]},"32":{"line":374,"type":"if","locations":[{"start":{"line":374,"column":9},"end":{"line":374,"column":9}},{"start":{"line":374,"column":9},"end":{"line":374,"column":9}}]},"33":{"line":380,"type":"if","locations":[{"start":{"line":380,"column":11},"end":{"line":380,"column":11}},{"start":{"line":380,"column":11},"end":{"line":380,"column":11}}]},"34":{"line":397,"type":"if","locations":[{"start":{"line":397,"column":4},"end":{"line":397,"column":4}},{"start":{"line":397,"column":4},"end":{"line":397,"column":4}}]},"35":{"line":403,"type":"if","locations":[{"start":{"line":403,"column":4},"end":{"line":403,"column":4}},{"start":{"line":403,"column":4},"end":{"line":403,"column":4}}]},"36":{"line":408,"type":"if","locations":[{"start":{"line":408,"column":4},"end":{"line":408,"column":4}},{"start":{"line":408,"column":4},"end":{"line":408,"column":4}}]},"37":{"line":463,"type":"if","locations":[{"start":{"line":463,"column":4},"end":{"line":463,"column":4}},{"start":{"line":463,"column":4},"end":{"line":463,"column":4}}]}}},"contracts/lib/Transaction.sol":{"l":{"22":1,"23":1,"24":1,"32":0,"36":1},"path":"/mnt/d/wamp64/www/lucidity/lucidity-plasma-cash/contracts/lib/Transaction.sol","s":{"1":1,"2":1,"3":1,"4":0,"5":1},"b":{"1":[1,0]},"f":{"1":1,"2":0,"3":1},"fnMap":{"1":{"name":"createTransaction","line":21,"loc":{"start":{"line":21,"column":2},"end":{"line":21,"column":73}}},"2":{"name":"checkSig","line":31,"loc":{"start":{"line":31,"column":2},"end":{"line":31,"column":91}}},"3":{"name":"hashTransaction","line":35,"loc":{"start":{"line":35,"column":2},"end":{"line":35,"column":82}}}},"statementMap":{"1":{"start":{"line":22,"column":4},"end":{"line":22,"column":57}},"2":{"start":{"line":23,"column":4},"end":{"line":23,"column":52}},"3":{"start":{"line":24,"column":4},"end":{"line":24,"column":620}},"4":{"start":{"line":32,"column":4},"end":{"line":32,"column":93}},"5":{"start":{"line":36,"column":4},"end":{"line":36,"column":103}}},"branchMap":{"1":{"line":23,"type":"if","locations":[{"start":{"line":23,"column":4},"end":{"line":23,"column":4}},{"start":{"line":23,"column":4},"end":{"line":23,"column":4}}]}}},"contracts/Operable.sol":{"l":{"12":2,"13":2,"20":4,"21":4,"22":4},"path":"/mnt/d/wamp64/www/lucidity/lucidity-plasma-cash/contracts/Operable.sol","s":{"1":2,"2":4,"3":4,"4":4},"b":{"1":[2,0]},"f":{"1":2,"2":4},"fnMap":{"1":{"name":"onlyOperator","line":11,"loc":{"start":{"line":11,"column":2},"end":{"line":11,"column":25}}},"2":{"name":"setOperator","line":16,"loc":{"start":{"line":16,"column":2},"end":{"line":19,"column":18}}}},"statementMap":{"1":{"start":{"line":12,"column":4},"end":{"line":12,"column":61}},"2":{"start":{"line":20,"column":4},"end":{"line":20,"column":33}},"3":{"start":{"line":21,"column":4},"end":{"line":21,"column":55}},"4":{"start":{"line":22,"column":4},"end":{"line":22,"column":15}}},"branchMap":{"1":{"line":12,"type":"if","locations":[{"start":{"line":12,"column":4},"end":{"line":12,"column":4}},{"start":{"line":12,"column":4},"end":{"line":12,"column":4}}]}}},"contracts/PlasmaCash.sol":{"l":{"53":6,"54":6,"55":6,"57":6,"64":7,"66":7,"67":7,"69":0,"72":7,"73":7,"75":7,"77":7,"81":2,"83":2,"85":2,"87":2,"89":2,"96":6,"98":4,"99":4,"101":3,"106":4,"108":3,"109":3,"110":3,"112":3,"118":0,"119":0,"121":0,"125":0,"128":0,"130":0,"132":0,"135":0,"137":0,"141":0,"143":0,"149":4,"150":3,"151":3,"155":1,"156":1,"158":1,"160":1,"162":1,"164":2,"166":2,"167":0,"170":2,"172":2,"173":2,"175":2,"177":2,"178":2,"181":2,"182":2,"184":2,"185":1,"187":1,"196":1,"200":1,"201":1,"202":1,"204":1,"208":0,"210":0,"214":0,"220":0,"228":0,"230":0,"232":0,"233":0},"path":"/mnt/d/wamp64/www/lucidity/lucidity-plasma-cash/contracts/PlasmaCash.sol","s":{"1":6,"2":6,"3":6,"4":6,"5":7,"6":7,"7":7,"8":0,"9":7,"10":7,"11":7,"12":7,"13":2,"14":2,"15":2,"16":2,"17":2,"18":6,"19":4,"20":4,"21":3,"22":4,"23":3,"24":3,"25":3,"26":0,"27":0,"28":0,"29":0,"30":0,"31":0,"32":0,"33":0,"34":0,"35":0,"36":0,"37":4,"38":3,"39":3,"40":1,"41":1,"42":1,"43":2,"44":2,"45":2,"46":2,"47":2,"48":2,"49":2,"50":2,"51":1,"52":1,"53":1,"54":1,"55":1,"56":1,"57":1,"58":0,"59":0,"60":0,"61":0,"62":0,"63":0,"64":0,"65":0},"b":{"1":[7,0],"2":[7,0],"3":[7,0],"4":[2,0],"5":[4,2],"6":[3,1],"7":[0,0],"8":[0,0],"9":[0,0],"10":[0,0],"11":[0,2],"12":[2,0],"13":[1,1],"14":[0,0],"15":[0,0]},"f":{"1":6,"2":7,"3":2,"4":6,"5":4,"6":0,"7":4,"8":1,"9":1,"10":1,"11":0,"12":0,"13":0,"14":0},"fnMap":{"1":{"name":null,"line":52,"loc":{"start":{"line":52,"column":2},"end":{"line":52,"column":44}}},"2":{"name":"deposit","line":61,"loc":{"start":{"line":61,"column":2},"end":{"line":63,"column":11}}},"3":{"name":"submitBlock","line":80,"loc":{"start":{"line":80,"column":2},"end":{"line":80,"column":81}}},"4":{"name":"startDepositExit","line":94,"loc":{"start":{"line":94,"column":2},"end":{"line":94,"column":45}}},"5":{"name":"addExitToQueue","line":104,"loc":{"start":{"line":104,"column":2},"end":{"line":104,"column":66}}},"6":{"name":"challengeDepositExit","line":117,"loc":{"start":{"line":117,"column":2},"end":{"line":117,"column":135}}},"7":{"name":"getNextExit","line":148,"loc":{"start":{"line":148,"column":2},"end":{"line":148,"column":71}}},"8":{"name":"finalizeExits","line":154,"loc":{"start":{"line":154,"column":2},"end":{"line":154,"column":58}}},"9":{"name":"verifyProof","line":195,"loc":{"start":{"line":195,"column":2},"end":{"line":195,"column":117}}},"10":{"name":"proveTX","line":199,"loc":{"start":{"line":199,"column":2},"end":{"line":199,"column":110}}},"11":{"name":"proveNoTX","line":207,"loc":{"start":{"line":207,"column":2},"end":{"line":207,"column":98}}},"12":{"name":null,"line":213,"loc":{"start":{"line":213,"column":2},"end":{"line":213,"column":27}}},"13":{"name":"helperTestSig","line":219,"loc":{"start":{"line":219,"column":2},"end":{"line":219,"column":89}}},"14":{"name":"helperTx","line":224,"loc":{"start":{"line":224,"column":2},"end":{"line":227,"column":26}}}},"statementMap":{"1":{"start":{"line":53,"column":4},"end":{"line":53,"column":19}},"2":{"start":{"line":54,"column":4},"end":{"line":54,"column":17}},"3":{"start":{"line":55,"column":4},"end":{"line":55,"column":35}},"4":{"start":{"line":57,"column":4},"end":{"line":57,"column":39}},"5":{"start":{"line":64,"column":4},"end":{"line":64,"column":38}},"6":{"start":{"line":66,"column":4},"end":{"line":66,"column":1554}},"7":{"start":{"line":67,"column":6},"end":{"line":67,"column":58}},"8":{"start":{"line":69,"column":6},"end":{"line":69,"column":38}},"9":{"start":{"line":72,"column":4},"end":{"line":72,"column":26}},"10":{"start":{"line":73,"column":4},"end":{"line":73,"column":47}},"11":{"start":{"line":75,"column":4},"end":{"line":75,"column":45}},"12":{"start":{"line":77,"column":4},"end":{"line":77,"column":20}},"13":{"start":{"line":81,"column":4},"end":{"line":81,"column":85}},"14":{"start":{"line":83,"column":4},"end":{"line":83,"column":62}},"15":{"start":{"line":85,"column":4},"end":{"line":85,"column":33}},"16":{"start":{"line":87,"column":4},"end":{"line":87,"column":61}},"17":{"start":{"line":89,"column":4},"end":{"line":89,"column":18}},"18":{"start":{"line":96,"column":4},"end":{"line":96,"column":92}},"19":{"start":{"line":98,"column":4},"end":{"line":98,"column":87}},"20":{"start":{"line":99,"column":4},"end":{"line":99,"column":31}},"21":{"start":{"line":101,"column":4},"end":{"line":101,"column":86}},"22":{"start":{"line":106,"column":4},"end":{"line":106,"column":68}},"23":{"start":{"line":108,"column":4},"end":{"line":108,"column":49}},"24":{"start":{"line":110,"column":4},"end":{"line":110,"column":23}},"25":{"start":{"line":112,"column":4},"end":{"line":112,"column":30}},"26":{"start":{"line":118,"column":4},"end":{"line":118,"column":52}},"27":{"start":{"line":119,"column":4},"end":{"line":119,"column":87}},"28":{"start":{"line":121,"column":4},"end":{"line":121,"column":88}},"29":{"start":{"line":125,"column":4},"end":{"line":125,"column":58}},"30":{"start":{"line":128,"column":4},"end":{"line":128,"column":125}},"31":{"start":{"line":130,"column":4},"end":{"line":130,"column":49}},"32":{"start":{"line":132,"column":4},"end":{"line":132,"column":76}},"33":{"start":{"line":135,"column":4},"end":{"line":135,"column":106}},"34":{"start":{"line":137,"column":4},"end":{"line":137,"column":40}},"35":{"start":{"line":141,"column":4},"end":{"line":141,"column":82}},"36":{"start":{"line":143,"column":4},"end":{"line":143,"column":15}},"37":{"start":{"line":149,"column":4},"end":{"line":149,"column":41}},"38":{"start":{"line":150,"column":4},"end":{"line":150,"column":35}},"39":{"start":{"line":151,"column":4},"end":{"line":151,"column":30}},"40":{"start":{"line":158,"column":4},"end":{"line":158,"column":35}},"41":{"start":{"line":160,"column":4},"end":{"line":160,"column":39}},"42":{"start":{"line":162,"column":4},"end":{"line":162,"column":4792}},"43":{"start":{"line":164,"column":6},"end":{"line":164,"column":38}},"44":{"start":{"line":166,"column":6},"end":{"line":166,"column":4879}},"45":{"start":{"line":170,"column":6},"end":{"line":170,"column":4943}},"46":{"start":{"line":172,"column":8},"end":{"line":172,"column":41}},"47":{"start":{"line":173,"column":8},"end":{"line":173,"column":40}},"48":{"start":{"line":175,"column":8},"end":{"line":175,"column":71}},"49":{"start":{"line":182,"column":6},"end":{"line":182,"column":19}},"50":{"start":{"line":184,"column":6},"end":{"line":184,"column":5304}},"51":{"start":{"line":185,"column":8},"end":{"line":185,"column":43}},"52":{"start":{"line":187,"column":8},"end":{"line":187,"column":14}},"53":{"start":{"line":196,"column":4},"end":{"line":196,"column":64}},"54":{"start":{"line":200,"column":4},"end":{"line":200,"column":46}},"55":{"start":{"line":201,"column":4},"end":{"line":201,"column":87}},"56":{"start":{"line":202,"column":4},"end":{"line":202,"column":58}},"57":{"start":{"line":204,"column":4},"end":{"line":204,"column":86}},"58":{"start":{"line":208,"column":4},"end":{"line":208,"column":46}},"59":{"start":{"line":210,"column":4},"end":{"line":210,"column":74}},"60":{"start":{"line":214,"column":4},"end":{"line":214,"column":26}},"61":{"start":{"line":220,"column":4},"end":{"line":220,"column":52}},"62":{"start":{"line":228,"column":4},"end":{"line":228,"column":87}},"63":{"start":{"line":230,"column":4},"end":{"line":230,"column":50}},"64":{"start":{"line":232,"column":4},"end":{"line":232,"column":71}},"65":{"start":{"line":233,"column":4},"end":{"line":233,"column":97}}},"branchMap":{"1":{"line":64,"type":"if","locations":[{"start":{"line":64,"column":4},"end":{"line":64,"column":4}},{"start":{"line":64,"column":4},"end":{"line":64,"column":4}}]},"2":{"line":66,"type":"if","locations":[{"start":{"line":66,"column":4},"end":{"line":66,"column":4}},{"start":{"line":66,"column":4},"end":{"line":66,"column":4}}]},"3":{"line":67,"type":"if","locations":[{"start":{"line":67,"column":6},"end":{"line":67,"column":6}},{"start":{"line":67,"column":6},"end":{"line":67,"column":6}}]},"4":{"line":81,"type":"if","locations":[{"start":{"line":81,"column":4},"end":{"line":81,"column":4}},{"start":{"line":81,"column":4},"end":{"line":81,"column":4}}]},"5":{"line":96,"type":"if","locations":[{"start":{"line":96,"column":4},"end":{"line":96,"column":4}},{"start":{"line":96,"column":4},"end":{"line":96,"column":4}}]},"6":{"line":106,"type":"if","locations":[{"start":{"line":106,"column":4},"end":{"line":106,"column":4}},{"start":{"line":106,"column":4},"end":{"line":106,"column":4}}]},"7":{"line":121,"type":"if","locations":[{"start":{"line":121,"column":4},"end":{"line":121,"column":4}},{"start":{"line":121,"column":4},"end":{"line":121,"column":4}}]},"8":{"line":128,"type":"if","locations":[{"start":{"line":128,"column":4},"end":{"line":128,"column":4}},{"start":{"line":128,"column":4},"end":{"line":128,"column":4}}]},"9":{"line":132,"type":"if","locations":[{"start":{"line":132,"column":4},"end":{"line":132,"column":4}},{"start":{"line":132,"column":4},"end":{"line":132,"column":4}}]},"10":{"line":135,"type":"if","locations":[{"start":{"line":135,"column":4},"end":{"line":135,"column":4}},{"start":{"line":135,"column":4},"end":{"line":135,"column":4}}]},"11":{"line":166,"type":"if","locations":[{"start":{"line":166,"column":6},"end":{"line":166,"column":6}},{"start":{"line":166,"column":6},"end":{"line":166,"column":6}}]},"12":{"line":170,"type":"if","locations":[{"start":{"line":170,"column":6},"end":{"line":170,"column":6}},{"start":{"line":170,"column":6},"end":{"line":170,"column":6}}]},"13":{"line":184,"type":"if","locations":[{"start":{"line":184,"column":6},"end":{"line":184,"column":6}},{"start":{"line":184,"column":6},"end":{"line":184,"column":6}}]},"14":{"line":232,"type":"if","locations":[{"start":{"line":232,"column":4},"end":{"line":232,"column":4}},{"start":{"line":232,"column":4},"end":{"line":232,"column":4}}]},"15":{"line":233,"type":"if","locations":[{"start":{"line":233,"column":4},"end":{"line":233,"column":4}},{"start":{"line":233,"column":4},"end":{"line":233,"column":4}}]}}},"contracts/Withdrawable.sol":{"l":{"17":0,"18":0,"20":0,"21":0,"23":0,"28":2,"29":2,"31":2,"32":2},"path":"/mnt/d/wamp64/www/lucidity/lucidity-plasma-cash/contracts/Withdrawable.sol","s":{"1":0,"2":0,"3":0,"4":0,"5":2,"6":2,"7":2,"8":2},"b":{"1":[0,0],"2":[2,0],"3":[2,0]},"f":{"1":0,"2":2},"fnMap":{"1":{"name":"withdraw","line":16,"loc":{"start":{"line":16,"column":2},"end":{"line":16,"column":28}}},"2":{"name":"addBalance","line":26,"loc":{"start":{"line":26,"column":2},"end":{"line":27,"column":12}}}},"statementMap":{"1":{"start":{"line":17,"column":4},"end":{"line":17,"column":40}},"2":{"start":{"line":18,"column":4},"end":{"line":18,"column":43}},"3":{"start":{"line":20,"column":4},"end":{"line":20,"column":27}},"4":{"start":{"line":23,"column":4},"end":{"line":23,"column":40}},"5":{"start":{"line":28,"column":4},"end":{"line":28,"column":60}},"6":{"start":{"line":29,"column":4},"end":{"line":29,"column":63}},"7":{"start":{"line":31,"column":4},"end":{"line":31,"column":57}},"8":{"start":{"line":32,"column":4},"end":{"line":32,"column":42}}},"branchMap":{"1":{"line":18,"type":"if","locations":[{"start":{"line":18,"column":4},"end":{"line":18,"column":4}},{"start":{"line":18,"column":4},"end":{"line":18,"column":4}}]},"2":{"line":28,"type":"if","locations":[{"start":{"line":28,"column":4},"end":{"line":28,"column":4}},{"start":{"line":28,"column":4},"end":{"line":28,"column":4}}]},"3":{"line":29,"type":"if","locations":[{"start":{"line":29,"column":4},"end":{"line":29,"column":4}},{"start":{"line":29,"column":4},"end":{"line":29,"column":4}}]}}}}